[35m[Appium][39m Welcome to Appium v1.21.0
[35m[Appium][39m Non-default server args:
[35m[Appium][39m   port: 49321
[35m[Appium][39m   loglevel: info
[35m[Appium][39m   tmpDir: C:\Users\dagangan\AppData\Local\Temp\\Katalon\Appium\Temp1638518593960
[35m[Appium][39m   chromedriverPort: 49322
[35m[Appium][39m Deprecated server args:
[35m[Appium][39m   [31m--chromedriver-port[39m => --default-capabilities
[35m[Appium][39m Default capabilities, which will be added to each request unless overridden by desired capabilities:
[35m[Appium][39m   chromedriverPort: 49322
[35m[Appium][39m Appium REST http interface listener started on 0.0.0.0:49321
[35m[HTTP][39m [37m-->[39m [37mGET[39m [37m/wd/hub/status[39m
[35m[HTTP][39m [90m{}[39m
[35m[HTTP][39m [37m<-- GET /wd/hub/status [39m[32m200[39m [90m11 ms - 68[39m
[35m[HTTP][39m [90m[39m
[35m[HTTP][39m [37m-->[39m [37mGET[39m [37m/wd/hub/status[39m
[35m[HTTP][39m [90m{}[39m
[35m[HTTP][39m [37m<-- GET /wd/hub/status [39m[32m200[39m [90m1 ms - 68[39m
[35m[HTTP][39m [90m[39m
[35m[HTTP][39m [37m-->[39m [37mPOST[39m [37m/wd/hub/session[39m
[35m[HTTP][39m [90m{"desiredCapabilities":{"app":"C:\\Users\\dagangan\\Katalon Studio\\dagangan_Mobile\\androidapp\\dagangan.apk","noReset":true,"deviceName":"emulator-5554 (Android SDK built for x86_64 - Android 10)","fullReset":false,"platform":"ANDROID","newCommandTimeout":1800,"platformVersion":"10","automationName":"uiautomator2","autoGrantPermissions":true,"platformName":"Android","udid":"emulator-5554","systemPort":49335},"capabilities":{"firstMatch":[{"appium:app":"C:\\Users\\dagangan\\Katalon Studio\\dagangan_Mobile\\androidapp\\dagangan.apk","appium:autoGrantPermissions":true,"appium:automationName":"uiautomator2","appium:deviceName":"emulator-5554 (Android SDK built for x86_64 - Android 10)","appium:fullReset":false,"appium:newCommandTimeout":1800,"appium:noReset":true,"platform":"ANDROID","platformName":"android","appium:platformVersion":"10","appium:systemPort":49335,"appium:udid":"emulator-5554"}]}}[39m
[35m[BaseDriver][39m The following capabilities are not standard capabilities and should have an extension prefix:
[35m[BaseDriver][39m   platform
[35m[BaseDriver][39m   chromedriverPort
[35m[Appium][39m Appium v1.21.0 creating new AndroidUiautomator2Driver (v1.65.0) session
[35m[BaseDriver][39m The following capabilities were provided, but are not recognized by Appium:
[35m[BaseDriver][39m   platform
[35m[BaseDriver][39m Session created with session id: ae67641d-e7e1-4c15-88b9-aad158e7ec92
[35m[BaseDriver][39m Using local app 'C:\Users\dagangan\Katalon Studio\dagangan_Mobile\androidapp\dagangan.apk'
[35m[ADB][39m Found 1 'build-tools' folders under 'C:\Users\dagangan\.katalon\tools\android_sdk' (newest first):
[35m[ADB][39m     C:/Users/dagangan/.katalon/tools/android_sdk/build-tools/29.0.3
[35m[ADB][39m Using 'adb.exe' from 'C:\Users\dagangan\.katalon\tools\android_sdk\platform-tools\adb.exe'
[35m[AndroidDriver][39m Retrieving device list
[35m[AndroidDriver][39m Using device: emulator-5554
[35m[ADB][39m Using 'adb.exe' from 'C:\Users\dagangan\.katalon\tools\android_sdk\platform-tools\adb.exe'
[35m[ADB][39m Getting device platform version
[35m[UiAutomator2][39m Relaxing hidden api policy
[35m[ADB][39m Package name: 'com.dagangan.mall.staging'
[35m[ADB][39m Main activity name: 'com.dagangan.MainActivity'
[35m[ADB][39m Using 'apksigner.jar' from 'C:\Users\dagangan\.katalon\tools\android_sdk\build-tools\29.0.3\lib\apksigner.jar'
[35m[ADB][39m 'C:\Users\dagangan\AppData\Roaming\npm\node_modules\appium\node_modules\appium-uiautomator2-server\apks\appium-uiautomator2-server-v4.21.1.apk' is signed with the default certificate
[35m[ADB][39m 'C:\Users\dagangan\AppData\Roaming\npm\node_modules\appium\node_modules\appium-uiautomator2-server\apks\appium-uiautomator2-server-debug-androidTest.apk' is signed with the default certificate
[35m[UiAutomator2][39m Server packages are not going to be (re)installed
[35m[ADB][39m Adding packages ["io.appium.settings","io.appium.uiautomator2.server","io.appium.uiautomator2.server.test"] to Doze whitelist
[35m[ADB][39m 'C:\Users\dagangan\Katalon Studio\dagangan_Mobile\androidapp\dagangan.apk' is signed with a non-default certificate
[35m[ADB][39m The application at 'C:\Users\dagangan\Katalon Studio\dagangan_Mobile\androidapp\dagangan.apk' will not be cached, because the device under test has confirmed the support of streamed installs
[35m[ADB][39m The installation of 'dagangan.apk' took 31481ms
[35m[UiAutomator2][39m Starting UIAutomator2 server 4.21.1
[35m[UiAutomator2][39m Using UIAutomator2 server from 'C:\Users\dagangan\AppData\Roaming\npm\node_modules\appium\node_modules\appium-uiautomator2-server\apks\appium-uiautomator2-server-v4.21.1.apk' and test from 'C:\Users\dagangan\AppData\Roaming\npm\node_modules\appium\node_modules\appium-uiautomator2-server\apks\appium-uiautomator2-server-debug-androidTest.apk'
[35m[UiAutomator2][39m Waiting up to 30000ms for UiAutomator2 to be online...
[35m[WD Proxy][39m socket hang up
[35m[WD Proxy][39m socket hang up
[35m[WD Proxy][39m socket hang up
[35m[WD Proxy][39m Determined the downstream protocol as 'W3C'
[35m[AndroidDriver][39m Screen already unlocked, doing nothing
[35m[UiAutomator2][39m Starting 'com.dagangan.mall.staging/com.dagangan.MainActivity and waiting for 'com.dagangan.mall.staging/com.dagangan.MainActivity'
[35m[Appium][39m New AndroidUiautomator2Driver session created successfully, session ae67641d-e7e1-4c15-88b9-aad158e7ec92 added to master session list
[35m[HTTP][39m [37m<-- POST /wd/hub/session [39m[32m200[39m [90m43834 ms - 1372[39m
[35m[HTTP][39m [90m[39m
[35m[HTTP][39m [37m-->[39m [37mGET[39m [37m/wd/hub/session/ae67641d-e7e1-4c15-88b9-aad158e7ec92[39m
[35m[HTTP][39m [90m{}[39m
[35m[HTTP][39m [37m<-- GET /wd/hub/session/ae67641d-e7e1-4c15-88b9-aad158e7ec92 [39m[32m200[39m [90m21 ms - 1326[39m
[35m[HTTP][39m [90m[39m
[35m[HTTP][39m [37m-->[39m [37mGET[39m [37m/wd/hub/session/ae67641d-e7e1-4c15-88b9-aad158e7ec92[39m
[35m[HTTP][39m [90m{}[39m
[35m[HTTP][39m [37m<-- GET /wd/hub/session/ae67641d-e7e1-4c15-88b9-aad158e7ec92 [39m[32m200[39m [90m16 ms - 1326[39m
[35m[HTTP][39m [90m[39m
[35m[HTTP][39m [37m-->[39m [37mGET[39m [37m/wd/hub/status[39m
[35m[HTTP][39m [90m{}[39m
[35m[HTTP][39m [37m<-- GET /wd/hub/status [39m[32m200[39m [90m2 ms - 68[39m
[35m[HTTP][39m [90m[39m
[35m[HTTP][39m [37m-->[39m [37mPOST[39m [37m/wd/hub/session/ae67641d-e7e1-4c15-88b9-aad158e7ec92/timeouts[39m
[35m[HTTP][39m [90m{"implicit":60000}[39m
[35m[HTTP][39m [37m<-- POST /wd/hub/session/ae67641d-e7e1-4c15-88b9-aad158e7ec92/timeouts [39m[32m200[39m [90m3 ms - 14[39m
[35m[HTTP][39m [90m[39m
[35m[HTTP][39m [37m-->[39m [37mGET[39m [37m/wd/hub/session/ae67641d-e7e1-4c15-88b9-aad158e7ec92/source[39m
[35m[HTTP][39m [90m{}[39m
[35m[W3C (ae67641d)][39m Driver proxy active, passing request on via HTTP proxy
[35m[WD Proxy][39m Replacing sessionId 9ebbe916-6f89-49d8-adff-6e3f2c1cbdab with ae67641d-e7e1-4c15-88b9-aad158e7ec92
[35m[HTTP][39m [37m<-- GET /wd/hub/session/ae67641d-e7e1-4c15-88b9-aad158e7ec92/source [39m[32m200[39m [90m117 ms - 2811[39m
[35m[HTTP][39m [90m[39m
[35m[HTTP][39m [37m-->[39m [37mGET[39m [37m/wd/hub/session/ae67641d-e7e1-4c15-88b9-aad158e7ec92/screenshot[39m
[35m[HTTP][39m [90m{}[39m
[35m[HTTP][39m [37m<-- GET /wd/hub/session/ae67641d-e7e1-4c15-88b9-aad158e7ec92/screenshot [39m[32m200[39m [90m435 ms - 34342[39m
[35m[HTTP][39m [90m[39m
[35m[HTTP][39m [37m-->[39m [37mGET[39m [37m/wd/hub/session/ae67641d-e7e1-4c15-88b9-aad158e7ec92/source[39m
[35m[HTTP][39m [90m{}[39m
[35m[W3C (ae67641d)][39m Driver proxy active, passing request on via HTTP proxy
[35m[WD Proxy][39m Replacing sessionId 9ebbe916-6f89-49d8-adff-6e3f2c1cbdab with ae67641d-e7e1-4c15-88b9-aad158e7ec92
[35m[HTTP][39m [37m<-- GET /wd/hub/session/ae67641d-e7e1-4c15-88b9-aad158e7ec92/source [39m[32m200[39m [90m199 ms - 13052[39m
[35m[HTTP][39m [90m[39m
[35m[HTTP][39m [37m-->[39m [37mGET[39m [37m/wd/hub/session/ae67641d-e7e1-4c15-88b9-aad158e7ec92/screenshot[39m
[35m[HTTP][39m [90m{}[39m
[35m[HTTP][39m [37m<-- GET /wd/hub/session/ae67641d-e7e1-4c15-88b9-aad158e7ec92/screenshot [39m[32m200[39m [90m261 ms - 151780[39m
[35m[HTTP][39m [90m[39m
[35m[HTTP][39m [37m-->[39m [37mPOST[39m [37m/wd/hub/session/ae67641d-e7e1-4c15-88b9-aad158e7ec92/elements[39m
[35m[HTTP][39m [90m{"using":"xpath","value":"//*[@class = 'android.widget.TextView' and (@text = 'Lewati' or . = 'Lewati')]"}[39m
[35m[HTTP][39m [37m<-- POST /wd/hub/session/ae67641d-e7e1-4c15-88b9-aad158e7ec92/elements [39m[32m200[39m [90m191 ms - 139[39m
[35m[HTTP][39m [90m[39m
[35m[HTTP][39m [37m-->[39m [37mGET[39m [37m/wd/hub/session/ae67641d-e7e1-4c15-88b9-aad158e7ec92/window/rect[39m
[35m[HTTP][39m [90m{}[39m
[35m[HTTP][39m [37m<-- GET /wd/hub/session/ae67641d-e7e1-4c15-88b9-aad158e7ec92/window/rect [39m[32m200[39m [90m18 ms - 50[39m
[35m[HTTP][39m [90m[39m
[35m[HTTP][39m [37m-->[39m [37mPOST[39m [37m/wd/hub/session/ae67641d-e7e1-4c15-88b9-aad158e7ec92/elements[39m
[35m[HTTP][39m [90m{"using":"xpath","value":"//*[@class = 'android.widget.TextView' and (@text = 'Lewati' or . = 'Lewati')]"}[39m
[35m[HTTP][39m [37m<-- POST /wd/hub/session/ae67641d-e7e1-4c15-88b9-aad158e7ec92/elements [39m[32m200[39m [90m31 ms - 139[39m
[35m[HTTP][39m [90m[39m
[35m[HTTP][39m [37m-->[39m [37mGET[39m [37m/wd/hub/session/ae67641d-e7e1-4c15-88b9-aad158e7ec92/element/4a2db1e9-e10e-4fe2-97be-1734e9cd04da/location[39m
[35m[HTTP][39m [90m{}[39m
[35m[W3C (ae67641d)][39m Driver proxy active, passing request on via HTTP proxy
[35m[WD Proxy][39m Replacing sessionId 9ebbe916-6f89-49d8-adff-6e3f2c1cbdab with ae67641d-e7e1-4c15-88b9-aad158e7ec92
[35m[HTTP][39m [37m<-- GET /wd/hub/session/ae67641d-e7e1-4c15-88b9-aad158e7ec92/element/4a2db1e9-e10e-4fe2-97be-1734e9cd04da/location [39m[32m200[39m [90m14 ms - 78[39m
[35m[HTTP][39m [90m[39m
[35m[HTTP][39m [37m-->[39m [37mPOST[39m [37m/wd/hub/session/ae67641d-e7e1-4c15-88b9-aad158e7ec92/touch/perform[39m
[35m[HTTP][39m [90m{"actions":[{"action":"tap","options":{"x":1,"y":1,"element":"4a2db1e9-e10e-4fe2-97be-1734e9cd04da"}}]}[39m
[35m[UiAutomator2][39m calling get location: 4a2db1e9-e10e-4fe2-97be-1734e9cd04da
[35m[HTTP][39m [37m<-- POST /wd/hub/session/ae67641d-e7e1-4c15-88b9-aad158e7ec92/touch/perform [39m[32m200[39m [90m178 ms - 14[39m
[35m[HTTP][39m [90m[39m
[35m[HTTP][39m [37m-->[39m [37mGET[39m [37m/wd/hub/session/ae67641d-e7e1-4c15-88b9-aad158e7ec92/source[39m
[35m[HTTP][39m [90m{}[39m
[35m[W3C (ae67641d)][39m Driver proxy active, passing request on via HTTP proxy
[35m[WD Proxy][39m Replacing sessionId 9ebbe916-6f89-49d8-adff-6e3f2c1cbdab with ae67641d-e7e1-4c15-88b9-aad158e7ec92
[35m[HTTP][39m [37m<-- GET /wd/hub/session/ae67641d-e7e1-4c15-88b9-aad158e7ec92/source [39m[32m200[39m [90m710 ms - 12912[39m
[35m[HTTP][39m [90m[39m
[35m[HTTP][39m [37m-->[39m [37mGET[39m [37m/wd/hub/session/ae67641d-e7e1-4c15-88b9-aad158e7ec92/screenshot[39m
[35m[HTTP][39m [90m{}[39m
[35m[HTTP][39m [37m<-- GET /wd/hub/session/ae67641d-e7e1-4c15-88b9-aad158e7ec92/screenshot [39m[32m200[39m [90m229 ms - 112338[39m
[35m[HTTP][39m [90m[39m
[35m[HTTP][39m [37m-->[39m [37mPOST[39m [37m/wd/hub/session/ae67641d-e7e1-4c15-88b9-aad158e7ec92/elements[39m
[35m[HTTP][39m [90m{"using":"xpath","value":"//*[@class = 'android.view.ViewGroup' and (@text = '' or . = '')]"}[39m
[35m[HTTP][39m [37m<-- POST /wd/hub/session/ae67641d-e7e1-4c15-88b9-aad158e7ec92/elements [39m[32m200[39m [90m50 ms - 1931[39m
[35m[HTTP][39m [90m[39m
[35m[HTTP][39m [37m-->[39m [37mPOST[39m [37m/wd/hub/session/ae67641d-e7e1-4c15-88b9-aad158e7ec92/elements[39m
[35m[HTTP][39m [90m{"using":"-android uiautomator","value":"new UiSelector().className(\"android.view.ViewGroup\")"}[39m
[35m[HTTP][39m [37m<-- POST /wd/hub/session/ae67641d-e7e1-4c15-88b9-aad158e7ec92/elements [39m[32m200[39m [90m255 ms - 1931[39m
[35m[HTTP][39m [90m[39m
[35m[HTTP][39m [37m-->[39m [37mGET[39m [37m/wd/hub/session/ae67641d-e7e1-4c15-88b9-aad158e7ec92/window/rect[39m
[35m[HTTP][39m [90m{}[39m
[35m[HTTP][39m [37m<-- GET /wd/hub/session/ae67641d-e7e1-4c15-88b9-aad158e7ec92/window/rect [39m[32m200[39m [90m15 ms - 50[39m
[35m[HTTP][39m [90m[39m
[35m[HTTP][39m [37m-->[39m [37mPOST[39m [37m/wd/hub/session/ae67641d-e7e1-4c15-88b9-aad158e7ec92/elements[39m
[35m[HTTP][39m [90m{"using":"xpath","value":"//hierarchy/android.widget.FrameLayout[1]/android.widget.LinearLayout[1]/android.widget.FrameLayout[1]/android.widget.LinearLayout[1]/android.widget.FrameLayout[1]/android.widget.FrameLayout[1]/android.view.ViewGroup[1]/android.view.ViewGroup[1]/android.view.ViewGroup[1]/android.view.ViewGroup[1]/android.view.ViewGroup[1]/android.view.ViewGroup[1]/android.view.ViewGroup[1]/android.view.ViewGroup[1]/android.view.ViewGroup[2]"}[39m
[35m[HTTP][39m [37m<-- POST /wd/hub/session/ae67641d-e7e1-4c15-88b9-aad158e7ec92/elements [39m[32m200[39m [90m33 ms - 139[39m
[35m[HTTP][39m [90m[39m
[35m[HTTP][39m [37m-->[39m [37mGET[39m [37m/wd/hub/session/ae67641d-e7e1-4c15-88b9-aad158e7ec92/element/b1e1fab0-429c-4737-82d3-ae67762ee7dd/location[39m
[35m[HTTP][39m [90m{}[39m
[35m[W3C (ae67641d)][39m Driver proxy active, passing request on via HTTP proxy
[35m[WD Proxy][39m Replacing sessionId 9ebbe916-6f89-49d8-adff-6e3f2c1cbdab with ae67641d-e7e1-4c15-88b9-aad158e7ec92
[35m[HTTP][39m [37m<-- GET /wd/hub/session/ae67641d-e7e1-4c15-88b9-aad158e7ec92/element/b1e1fab0-429c-4737-82d3-ae67762ee7dd/location [39m[32m200[39m [90m17 ms - 77[39m
[35m[HTTP][39m [90m[39m
[35m[HTTP][39m [37m-->[39m [37mPOST[39m [37m/wd/hub/session/ae67641d-e7e1-4c15-88b9-aad158e7ec92/touch/perform[39m
[35m[HTTP][39m [90m{"actions":[{"action":"tap","options":{"x":1,"y":1,"element":"b1e1fab0-429c-4737-82d3-ae67762ee7dd"}}]}[39m
[35m[UiAutomator2][39m calling get location: b1e1fab0-429c-4737-82d3-ae67762ee7dd
[35m[HTTP][39m [37m<-- POST /wd/hub/session/ae67641d-e7e1-4c15-88b9-aad158e7ec92/touch/perform [39m[32m200[39m [90m165 ms - 14[39m
[35m[HTTP][39m [90m[39m
[35m[HTTP][39m [37m-->[39m [37mGET[39m [37m/wd/hub/session/ae67641d-e7e1-4c15-88b9-aad158e7ec92/source[39m
[35m[HTTP][39m [90m{}[39m
[35m[W3C (ae67641d)][39m Driver proxy active, passing request on via HTTP proxy
[35m[WD Proxy][39m Replacing sessionId 9ebbe916-6f89-49d8-adff-6e3f2c1cbdab with ae67641d-e7e1-4c15-88b9-aad158e7ec92
[35m[HTTP][39m [37m<-- GET /wd/hub/session/ae67641d-e7e1-4c15-88b9-aad158e7ec92/source [39m[32m200[39m [90m127 ms - 12912[39m
[35m[HTTP][39m [90m[39m
[35m[HTTP][39m [37m-->[39m [37mGET[39m [37m/wd/hub/session/ae67641d-e7e1-4c15-88b9-aad158e7ec92/screenshot[39m
[35m[HTTP][39m [90m{}[39m
[35m[HTTP][39m [37m<-- GET /wd/hub/session/ae67641d-e7e1-4c15-88b9-aad158e7ec92/screenshot [39m[32m200[39m [90m261 ms - 112338[39m
[35m[HTTP][39m [90m[39m
[35m[HTTP][39m [37m-->[39m [37mPOST[39m [37m/wd/hub/session/ae67641d-e7e1-4c15-88b9-aad158e7ec92/elements[39m
[35m[HTTP][39m [90m{"using":"xpath","value":"//*[@class = 'android.widget.EditText' and (@text = 'Masukkan Nomor HP' or . = 'Masukkan Nomor HP')]"}[39m
[35m[HTTP][39m [37m<-- POST /wd/hub/session/ae67641d-e7e1-4c15-88b9-aad158e7ec92/elements [39m[32m200[39m [90m38 ms - 139[39m
[35m[HTTP][39m [90m[39m
[35m[HTTP][39m [37m-->[39m [37mGET[39m [37m/wd/hub/session/ae67641d-e7e1-4c15-88b9-aad158e7ec92/window/rect[39m
[35m[HTTP][39m [90m{}[39m
[35m[HTTP][39m [37m<-- GET /wd/hub/session/ae67641d-e7e1-4c15-88b9-aad158e7ec92/window/rect [39m[32m200[39m [90m10 ms - 50[39m
[35m[HTTP][39m [90m[39m
[35m[HTTP][39m [37m-->[39m [37mPOST[39m [37m/wd/hub/session/ae67641d-e7e1-4c15-88b9-aad158e7ec92/elements[39m
[35m[HTTP][39m [90m{"using":"xpath","value":"//*[@class = 'android.widget.EditText' and (@text = 'Masukkan Nomor HP' or . = 'Masukkan Nomor HP')]"}[39m
[35m[HTTP][39m [37m<-- POST /wd/hub/session/ae67641d-e7e1-4c15-88b9-aad158e7ec92/elements [39m[32m200[39m [90m39 ms - 139[39m
[35m[HTTP][39m [90m[39m
[35m[HTTP][39m [37m-->[39m [37mGET[39m [37m/wd/hub/session/ae67641d-e7e1-4c15-88b9-aad158e7ec92/element/be96c955-f512-4c0e-b11d-0dfe9228bfd2/location[39m
[35m[HTTP][39m [90m{}[39m
[35m[W3C (ae67641d)][39m Driver proxy active, passing request on via HTTP proxy
[35m[WD Proxy][39m Replacing sessionId 9ebbe916-6f89-49d8-adff-6e3f2c1cbdab with ae67641d-e7e1-4c15-88b9-aad158e7ec92
[35m[HTTP][39m [37m<-- GET /wd/hub/session/ae67641d-e7e1-4c15-88b9-aad158e7ec92/element/be96c955-f512-4c0e-b11d-0dfe9228bfd2/location [39m[32m200[39m [90m14 ms - 78[39m
[35m[HTTP][39m [90m[39m
[35m[HTTP][39m [37m-->[39m [37mPOST[39m [37m/wd/hub/session/ae67641d-e7e1-4c15-88b9-aad158e7ec92/touch/perform[39m
[35m[HTTP][39m [90m{"actions":[{"action":"tap","options":{"x":1,"y":1,"element":"be96c955-f512-4c0e-b11d-0dfe9228bfd2"}}]}[39m
[35m[UiAutomator2][39m calling get location: be96c955-f512-4c0e-b11d-0dfe9228bfd2
[35m[HTTP][39m [37m<-- POST /wd/hub/session/ae67641d-e7e1-4c15-88b9-aad158e7ec92/touch/perform [39m[32m200[39m [90m173 ms - 14[39m
[35m[HTTP][39m [90m[39m
[35m[HTTP][39m [37m-->[39m [37mGET[39m [37m/wd/hub/session/ae67641d-e7e1-4c15-88b9-aad158e7ec92/source[39m
[35m[HTTP][39m [90m{}[39m
[35m[W3C (ae67641d)][39m Driver proxy active, passing request on via HTTP proxy
[35m[WD Proxy][39m Replacing sessionId 9ebbe916-6f89-49d8-adff-6e3f2c1cbdab with ae67641d-e7e1-4c15-88b9-aad158e7ec92
[35m[HTTP][39m [37m<-- GET /wd/hub/session/ae67641d-e7e1-4c15-88b9-aad158e7ec92/source [39m[32m200[39m [90m624 ms - 11549[39m
[35m[HTTP][39m [90m[39m
[35m[HTTP][39m [37m-->[39m [37mGET[39m [37m/wd/hub/session/ae67641d-e7e1-4c15-88b9-aad158e7ec92/screenshot[39m
[35m[HTTP][39m [90m{}[39m
[35m[HTTP][39m [37m<-- GET /wd/hub/session/ae67641d-e7e1-4c15-88b9-aad158e7ec92/screenshot [39m[32m200[39m [90m268 ms - 147198[39m
[35m[HTTP][39m [90m[39m
[35m[HTTP][39m [37m-->[39m [37mPOST[39m [37m/wd/hub/session/ae67641d-e7e1-4c15-88b9-aad158e7ec92/elements[39m
[35m[HTTP][39m [90m{"using":"xpath","value":"//*[@class = 'android.widget.EditText' and (@text = 'Masukkan Nomor HP' or . = 'Masukkan Nomor HP')]"}[39m
[35m[HTTP][39m [37m<-- POST /wd/hub/session/ae67641d-e7e1-4c15-88b9-aad158e7ec92/elements [39m[32m200[39m [90m40 ms - 139[39m
[35m[HTTP][39m [90m[39m
[35m[HTTP][39m [37m-->[39m [37mGET[39m [37m/wd/hub/session/ae67641d-e7e1-4c15-88b9-aad158e7ec92/window/rect[39m
[35m[HTTP][39m [90m{}[39m
[35m[HTTP][39m [37m<-- GET /wd/hub/session/ae67641d-e7e1-4c15-88b9-aad158e7ec92/window/rect [39m[32m200[39m [90m24 ms - 50[39m
[35m[HTTP][39m [90m[39m
[35m[HTTP][39m [37m-->[39m [37mPOST[39m [37m/wd/hub/session/ae67641d-e7e1-4c15-88b9-aad158e7ec92/elements[39m
[35m[HTTP][39m [90m{"using":"xpath","value":"//*[@class = 'android.widget.EditText' and (@text = 'Masukkan Nomor HP' or . = 'Masukkan Nomor HP')]"}[39m
[35m[HTTP][39m [37m<-- POST /wd/hub/session/ae67641d-e7e1-4c15-88b9-aad158e7ec92/elements [39m[32m200[39m [90m51 ms - 139[39m
[35m[HTTP][39m [90m[39m
[35m[HTTP][39m [37m-->[39m [37mGET[39m [37m/wd/hub/session/ae67641d-e7e1-4c15-88b9-aad158e7ec92/element/572cc5f3-e966-4757-b6be-f0a87d818c52/location[39m
[35m[HTTP][39m [90m{}[39m
[35m[W3C (ae67641d)][39m Driver proxy active, passing request on via HTTP proxy
[35m[WD Proxy][39m Replacing sessionId 9ebbe916-6f89-49d8-adff-6e3f2c1cbdab with ae67641d-e7e1-4c15-88b9-aad158e7ec92
[35m[HTTP][39m [37m<-- GET /wd/hub/session/ae67641d-e7e1-4c15-88b9-aad158e7ec92/element/572cc5f3-e966-4757-b6be-f0a87d818c52/location [39m[32m200[39m [90m11 ms - 78[39m
[35m[HTTP][39m [90m[39m
[35m[HTTP][39m [37m-->[39m [37mPOST[39m [37m/wd/hub/session/ae67641d-e7e1-4c15-88b9-aad158e7ec92/element/572cc5f3-e966-4757-b6be-f0a87d818c52/clear[39m
[35m[HTTP][39m [90m{"id":"572cc5f3-e966-4757-b6be-f0a87d818c52"}[39m
[35m[HTTP][39m [37m<-- POST /wd/hub/session/ae67641d-e7e1-4c15-88b9-aad158e7ec92/element/572cc5f3-e966-4757-b6be-f0a87d818c52/clear [39m[32m200[39m [90m21 ms - 14[39m
[35m[HTTP][39m [90m[39m
[35m[HTTP][39m [37m-->[39m [37mPOST[39m [37m/wd/hub/session/ae67641d-e7e1-4c15-88b9-aad158e7ec92/element/572cc5f3-e966-4757-b6be-f0a87d818c52/value[39m
[35m[HTTP][39m [90m{"id":"572cc5f3-e966-4757-b6be-f0a87d818c52","text":"089836","value":["0","8","9","8","3","6"]}[39m
[35m[HTTP][39m [37m<-- POST /wd/hub/session/ae67641d-e7e1-4c15-88b9-aad158e7ec92/element/572cc5f3-e966-4757-b6be-f0a87d818c52/value [39m[32m200[39m [90m1002 ms - 14[39m
[35m[HTTP][39m [90m[39m
[35m[HTTP][39m [37m-->[39m [37mGET[39m [37m/wd/hub/session/ae67641d-e7e1-4c15-88b9-aad158e7ec92/source[39m
[35m[HTTP][39m [90m{}[39m
[35m[W3C (ae67641d)][39m Driver proxy active, passing request on via HTTP proxy
[35m[WD Proxy][39m Replacing sessionId 9ebbe916-6f89-49d8-adff-6e3f2c1cbdab with ae67641d-e7e1-4c15-88b9-aad158e7ec92
[35m[HTTP][39m [37m<-- GET /wd/hub/session/ae67641d-e7e1-4c15-88b9-aad158e7ec92/source [39m[32m200[39m [90m121 ms - 11538[39m
[35m[HTTP][39m [90m[39m
[35m[HTTP][39m [37m-->[39m [37mGET[39m [37m/wd/hub/session/ae67641d-e7e1-4c15-88b9-aad158e7ec92/screenshot[39m
[35m[HTTP][39m [90m{}[39m
[35m[HTTP][39m [37m<-- GET /wd/hub/session/ae67641d-e7e1-4c15-88b9-aad158e7ec92/screenshot [39m[32m200[39m [90m243 ms - 146558[39m
[35m[HTTP][39m [90m[39m
[35m[HTTP][39m [37m-->[39m [37mPOST[39m [37m/wd/hub/session/ae67641d-e7e1-4c15-88b9-aad158e7ec92/elements[39m
[35m[HTTP][39m [90m{"using":"xpath","value":"//*[@class = 'android.view.ViewGroup' and (@text = '' or . = '')]"}[39m
[35m[HTTP][39m [37m<-- POST /wd/hub/session/ae67641d-e7e1-4c15-88b9-aad158e7ec92/elements [39m[32m200[39m [90m50 ms - 1803[39m
[35m[HTTP][39m [90m[39m
[35m[HTTP][39m [37m-->[39m [37mPOST[39m [37m/wd/hub/session/ae67641d-e7e1-4c15-88b9-aad158e7ec92/elements[39m
[35m[HTTP][39m [90m{"using":"-android uiautomator","value":"new UiSelector().className(\"android.view.ViewGroup\")"}[39m
[35m[HTTP][39m [37m<-- POST /wd/hub/session/ae67641d-e7e1-4c15-88b9-aad158e7ec92/elements [39m[32m200[39m [90m192 ms - 1803[39m
[35m[HTTP][39m [90m[39m
[35m[HTTP][39m [37m-->[39m [37mGET[39m [37m/wd/hub/session/ae67641d-e7e1-4c15-88b9-aad158e7ec92/window/rect[39m
[35m[HTTP][39m [90m{}[39m
[35m[HTTP][39m [37m<-- GET /wd/hub/session/ae67641d-e7e1-4c15-88b9-aad158e7ec92/window/rect [39m[32m200[39m [90m13 ms - 50[39m
[35m[HTTP][39m [90m[39m
[35m[HTTP][39m [37m-->[39m [37mPOST[39m [37m/wd/hub/session/ae67641d-e7e1-4c15-88b9-aad158e7ec92/elements[39m
[35m[HTTP][39m [90m{"using":"xpath","value":"//hierarchy/android.widget.FrameLayout[1]/android.widget.LinearLayout[1]/android.widget.FrameLayout[1]/android.widget.LinearLayout[1]/android.widget.FrameLayout[1]/android.widget.FrameLayout[1]/android.view.ViewGroup[1]/android.view.ViewGroup[1]/android.view.ViewGroup[1]/android.view.ViewGroup[1]/android.view.ViewGroup[1]/android.view.ViewGroup[1]/android.view.ViewGroup[1]/android.view.ViewGroup[1]/android.view.ViewGroup[4]"}[39m
[35m[HTTP][39m [37m<-- POST /wd/hub/session/ae67641d-e7e1-4c15-88b9-aad158e7ec92/elements [39m[32m200[39m [90m45 ms - 139[39m
[35m[HTTP][39m [90m[39m
[35m[HTTP][39m [37m-->[39m [37mGET[39m [37m/wd/hub/session/ae67641d-e7e1-4c15-88b9-aad158e7ec92/element/fcbbd23f-4661-4811-903c-e2019ea29499/location[39m
[35m[HTTP][39m [90m{}[39m
[35m[W3C (ae67641d)][39m Driver proxy active, passing request on via HTTP proxy
[35m[WD Proxy][39m Replacing sessionId 9ebbe916-6f89-49d8-adff-6e3f2c1cbdab with ae67641d-e7e1-4c15-88b9-aad158e7ec92
[35m[HTTP][39m [37m<-- GET /wd/hub/session/ae67641d-e7e1-4c15-88b9-aad158e7ec92/element/fcbbd23f-4661-4811-903c-e2019ea29499/location [39m[32m200[39m [90m12 ms - 79[39m
[35m[HTTP][39m [90m[39m
[35m[HTTP][39m [37m-->[39m [37mPOST[39m [37m/wd/hub/session/ae67641d-e7e1-4c15-88b9-aad158e7ec92/touch/perform[39m
[35m[HTTP][39m [90m{"actions":[{"action":"tap","options":{"x":1,"y":1,"element":"fcbbd23f-4661-4811-903c-e2019ea29499"}}]}[39m
[35m[UiAutomator2][39m calling get location: fcbbd23f-4661-4811-903c-e2019ea29499
[35m[HTTP][39m [37m<-- POST /wd/hub/session/ae67641d-e7e1-4c15-88b9-aad158e7ec92/touch/perform [39m[32m200[39m [90m146 ms - 14[39m
[35m[HTTP][39m [90m[39m
[35m[HTTP][39m [37m-->[39m [37mGET[39m [37m/wd/hub/session/ae67641d-e7e1-4c15-88b9-aad158e7ec92/source[39m
[35m[HTTP][39m [90m{}[39m
[35m[W3C (ae67641d)][39m Driver proxy active, passing request on via HTTP proxy
[35m[WD Proxy][39m Replacing sessionId 9ebbe916-6f89-49d8-adff-6e3f2c1cbdab with ae67641d-e7e1-4c15-88b9-aad158e7ec92
[35m[HTTP][39m [37m<-- GET /wd/hub/session/ae67641d-e7e1-4c15-88b9-aad158e7ec92/source [39m[32m200[39m [90m83 ms - 11538[39m
[35m[HTTP][39m [90m[39m
[35m[HTTP][39m [37m-->[39m [37mGET[39m [37m/wd/hub/session/ae67641d-e7e1-4c15-88b9-aad158e7ec92/screenshot[39m
[35m[HTTP][39m [90m{}[39m
[35m[HTTP][39m [37m<-- GET /wd/hub/session/ae67641d-e7e1-4c15-88b9-aad158e7ec92/screenshot [39m[32m200[39m [90m420 ms - 146588[39m
[35m[HTTP][39m [90m[39m
[35m[HTTP][39m [37m-->[39m [37mGET[39m [37m/wd/hub/session/ae67641d-e7e1-4c15-88b9-aad158e7ec92/source[39m
[35m[HTTP][39m [90m{}[39m
[35m[W3C (ae67641d)][39m Driver proxy active, passing request on via HTTP proxy
[35m[WD Proxy][39m Replacing sessionId 9ebbe916-6f89-49d8-adff-6e3f2c1cbdab with ae67641d-e7e1-4c15-88b9-aad158e7ec92
[35m[HTTP][39m [37m<-- GET /wd/hub/session/ae67641d-e7e1-4c15-88b9-aad158e7ec92/source [39m[32m200[39m [90m150 ms - 12900[39m
[35m[HTTP][39m [90m[39m
[35m[HTTP][39m [37m-->[39m [37mGET[39m [37m/wd/hub/session/ae67641d-e7e1-4c15-88b9-aad158e7ec92/screenshot[39m
[35m[HTTP][39m [90m{}[39m
[35m[HTTP][39m [37m<-- GET /wd/hub/session/ae67641d-e7e1-4c15-88b9-aad158e7ec92/screenshot [39m[32m200[39m [90m290 ms - 114152[39m
[35m[HTTP][39m [90m[39m
[35m[HTTP][39m [37m-->[39m [37mPOST[39m [37m/wd/hub/session/ae67641d-e7e1-4c15-88b9-aad158e7ec92/elements[39m
[35m[HTTP][39m [90m{"using":"xpath","value":"//*[@class = 'android.view.ViewGroup' and (@text = '' or . = '')]"}[39m
[35m[HTTP][39m [37m<-- POST /wd/hub/session/ae67641d-e7e1-4c15-88b9-aad158e7ec92/elements [39m[32m200[39m [90m49 ms - 1931[39m
[35m[HTTP][39m [90m[39m
[35m[HTTP][39m [37m-->[39m [37mPOST[39m [37m/wd/hub/session/ae67641d-e7e1-4c15-88b9-aad158e7ec92/elements[39m
[35m[HTTP][39m [90m{"using":"accessibility id","value":"Button"}[39m
[35m[HTTP][39m [37m<-- POST /wd/hub/session/ae67641d-e7e1-4c15-88b9-aad158e7ec92/elements [39m[32m200[39m [90m23 ms - 139[39m
[35m[HTTP][39m [90m[39m
[35m[HTTP][39m [37m-->[39m [37mGET[39m [37m/wd/hub/session/ae67641d-e7e1-4c15-88b9-aad158e7ec92/window/rect[39m
[35m[HTTP][39m [90m{}[39m
[35m[HTTP][39m [37m<-- GET /wd/hub/session/ae67641d-e7e1-4c15-88b9-aad158e7ec92/window/rect [39m[32m200[39m [90m8 ms - 50[39m
[35m[HTTP][39m [90m[39m
[35m[HTTP][39m [37m-->[39m [37mPOST[39m [37m/wd/hub/session/ae67641d-e7e1-4c15-88b9-aad158e7ec92/elements[39m
[35m[HTTP][39m [90m{"using":"accessibility id","value":"Button"}[39m
[35m[HTTP][39m [37m<-- POST /wd/hub/session/ae67641d-e7e1-4c15-88b9-aad158e7ec92/elements [39m[32m200[39m [90m25 ms - 139[39m
[35m[HTTP][39m [90m[39m
[35m[HTTP][39m [37m-->[39m [37mGET[39m [37m/wd/hub/session/ae67641d-e7e1-4c15-88b9-aad158e7ec92/element/d93ba889-efb4-49c7-b113-f1ccefe8cc3b/location[39m
[35m[HTTP][39m [90m{}[39m
[35m[W3C (ae67641d)][39m Driver proxy active, passing request on via HTTP proxy
[35m[WD Proxy][39m Replacing sessionId 9ebbe916-6f89-49d8-adff-6e3f2c1cbdab with ae67641d-e7e1-4c15-88b9-aad158e7ec92
[35m[HTTP][39m [37m<-- GET /wd/hub/session/ae67641d-e7e1-4c15-88b9-aad158e7ec92/element/d93ba889-efb4-49c7-b113-f1ccefe8cc3b/location [39m[32m200[39m [90m10 ms - 78[39m
[35m[HTTP][39m [90m[39m
[35m[HTTP][39m [37m-->[39m [37mPOST[39m [37m/wd/hub/session/ae67641d-e7e1-4c15-88b9-aad158e7ec92/touch/perform[39m
[35m[HTTP][39m [90m{"actions":[{"action":"tap","options":{"x":1,"y":1,"element":"d93ba889-efb4-49c7-b113-f1ccefe8cc3b"}}]}[39m
[35m[UiAutomator2][39m calling get location: d93ba889-efb4-49c7-b113-f1ccefe8cc3b
[35m[HTTP][39m [37m<-- POST /wd/hub/session/ae67641d-e7e1-4c15-88b9-aad158e7ec92/touch/perform [39m[32m200[39m [90m161 ms - 14[39m
[35m[HTTP][39m [90m[39m
[35m[HTTP][39m [37m-->[39m [37mGET[39m [37m/wd/hub/session/ae67641d-e7e1-4c15-88b9-aad158e7ec92/source[39m
[35m[HTTP][39m [90m{}[39m
[35m[W3C (ae67641d)][39m Driver proxy active, passing request on via HTTP proxy
[35m[WD Proxy][39m Replacing sessionId 9ebbe916-6f89-49d8-adff-6e3f2c1cbdab with ae67641d-e7e1-4c15-88b9-aad158e7ec92
[35m[HTTP][39m [37m<-- GET /wd/hub/session/ae67641d-e7e1-4c15-88b9-aad158e7ec92/source [39m[32m200[39m [90m85 ms - 13366[39m
[35m[HTTP][39m [90m[39m
[35m[HTTP][39m [37m-->[39m [37mGET[39m [37m/wd/hub/session/ae67641d-e7e1-4c15-88b9-aad158e7ec92/screenshot[39m
[35m[HTTP][39m [90m{}[39m
[35m[HTTP][39m [37m<-- GET /wd/hub/session/ae67641d-e7e1-4c15-88b9-aad158e7ec92/screenshot [39m[32m200[39m [90m279 ms - 122694[39m
[35m[HTTP][39m [90m[39m
[35m[HTTP][39m [37m-->[39m [37mPOST[39m [37m/wd/hub/session/ae67641d-e7e1-4c15-88b9-aad158e7ec92/elements[39m
[35m[HTTP][39m [90m{"using":"xpath","value":"//*[@class = 'android.widget.TextView' and (@text = 'Penulisan nomor HP yang benar: 08********' or . = 'Penulisan nomor HP yang benar: 08********')]"}[39m
[35m[HTTP][39m [37m<-- POST /wd/hub/session/ae67641d-e7e1-4c15-88b9-aad158e7ec92/elements [39m[32m200[39m [90m37 ms - 139[39m
[35m[HTTP][39m [90m[39m
[35m[HTTP][39m [37m-->[39m [37mGET[39m [37m/wd/hub/session/ae67641d-e7e1-4c15-88b9-aad158e7ec92/window/rect[39m
[35m[HTTP][39m [90m{}[39m
[35m[HTTP][39m [37m<-- GET /wd/hub/session/ae67641d-e7e1-4c15-88b9-aad158e7ec92/window/rect [39m[32m200[39m [90m11 ms - 50[39m
[35m[HTTP][39m [90m[39m
[35m[HTTP][39m [37m-->[39m [37mPOST[39m [37m/wd/hub/session/ae67641d-e7e1-4c15-88b9-aad158e7ec92/elements[39m
[35m[HTTP][39m [90m{"using":"xpath","value":"//*[@class = 'android.widget.TextView' and (@text = 'Penulisan nomor HP yang benar: 08********' or . = 'Penulisan nomor HP yang benar: 08********')]"}[39m
[35m[HTTP][39m [37m<-- POST /wd/hub/session/ae67641d-e7e1-4c15-88b9-aad158e7ec92/elements [39m[32m200[39m [90m49 ms - 139[39m
[35m[HTTP][39m [90m[39m
[35m[HTTP][39m [37m-->[39m [37mGET[39m [37m/wd/hub/session/ae67641d-e7e1-4c15-88b9-aad158e7ec92/element/337677d4-15eb-428f-aac9-ef6661598ada/location[39m
[35m[HTTP][39m [90m{}[39m
[35m[W3C (ae67641d)][39m Driver proxy active, passing request on via HTTP proxy
[35m[WD Proxy][39m Replacing sessionId 9ebbe916-6f89-49d8-adff-6e3f2c1cbdab with ae67641d-e7e1-4c15-88b9-aad158e7ec92
[35m[HTTP][39m [37m<-- GET /wd/hub/session/ae67641d-e7e1-4c15-88b9-aad158e7ec92/element/337677d4-15eb-428f-aac9-ef6661598ada/location [39m[32m200[39m [90m10 ms - 78[39m
[35m[HTTP][39m [90m[39m
[35m[HTTP][39m [37m-->[39m [37mPOST[39m [37m/wd/hub/session/ae67641d-e7e1-4c15-88b9-aad158e7ec92/touch/perform[39m
[35m[HTTP][39m [90m{"actions":[{"action":"tap","options":{"x":1,"y":1,"element":"337677d4-15eb-428f-aac9-ef6661598ada"}}]}[39m
[35m[UiAutomator2][39m calling get location: 337677d4-15eb-428f-aac9-ef6661598ada
[35m[HTTP][39m [37m<-- POST /wd/hub/session/ae67641d-e7e1-4c15-88b9-aad158e7ec92/touch/perform [39m[32m200[39m [90m153 ms - 14[39m
[35m[HTTP][39m [90m[39m
[35m[HTTP][39m [37m-->[39m [37mGET[39m [37m/wd/hub/session/ae67641d-e7e1-4c15-88b9-aad158e7ec92/source[39m
[35m[HTTP][39m [90m{}[39m
[35m[W3C (ae67641d)][39m Driver proxy active, passing request on via HTTP proxy
[35m[WD Proxy][39m Replacing sessionId 9ebbe916-6f89-49d8-adff-6e3f2c1cbdab with ae67641d-e7e1-4c15-88b9-aad158e7ec92
[35m[HTTP][39m [37m<-- GET /wd/hub/session/ae67641d-e7e1-4c15-88b9-aad158e7ec92/source [39m[32m200[39m [90m67 ms - 13366[39m
[35m[HTTP][39m [90m[39m
[35m[HTTP][39m [37m-->[39m [37mGET[39m [37m/wd/hub/session/ae67641d-e7e1-4c15-88b9-aad158e7ec92/screenshot[39m
[35m[HTTP][39m [90m{}[39m
[35m[HTTP][39m [37m<-- GET /wd/hub/session/ae67641d-e7e1-4c15-88b9-aad158e7ec92/screenshot [39m[32m200[39m [90m230 ms - 122694[39m
[35m[HTTP][39m [90m[39m
[35m[HTTP][39m [37m-->[39m [37mDELETE[39m [37m/wd/hub/session/ae67641d-e7e1-4c15-88b9-aad158e7ec92[39m
[35m[HTTP][39m [90m{}[39m
[35m[Appium][39m Removing session ae67641d-e7e1-4c15-88b9-aad158e7ec92 from our master session list
[35m[UiAutomator2][39m Restoring hidden api policy to the device default configuration
[35m[HTTP][39m [37m<-- DELETE /wd/hub/session/ae67641d-e7e1-4c15-88b9-aad158e7ec92 [39m[32m200[39m [90m577 ms - 14[39m
[35m[HTTP][39m [90m[39m
